--------------------------------------------------------------------------------
Matching vessel id (vid) and mobileid (mid)


Vessels with no matching mobileid


|  vid|name                 | n.lgs| n.gid|min.date   |max.date   |
|----:|:--------------------|-----:|-----:|:----------|:----------|
|    1|Fiskistofa           |     5|     1|2014-06-05 |2014-06-18 |
|    3|NA                   |     1|     1|2015-06-24 |2015-06-24 |
|    4|NA                   |     2|     1|2015-06-24 |2018-01-25 |
|   44|KRISTBJÖRG           |     1|     1|2017-01-25 |2017-01-25 |
|   72|KRISTINN LÁRUSSON    |     4|     1|2011-05-02 |2011-05-09 |
|  256|KRISTRÚN II          |   251|     1|2009-01-02 |2011-06-26 |
|  711|SIF                  |     5|     1|2015-08-02 |2015-08-13 |
|  962|ÓSKAR                |   238|     1|2009-01-26 |2009-04-23 |
| 1083|VALUR                |     7|     1|2011-07-12 |2011-07-24 |
| 1599|ÖNGULL               |   105|     3|2011-04-21 |2015-07-14 |
| 1612|HALLGRÍMUR           |   236|     1|2010-09-21 |2011-06-12 |
| 1786|ABBA                 |    15|     1|2012-11-05 |2012-11-29 |
| 1793|GUÐJÓN EIRÍKSSON     |     7|     1|2009-08-04 |2009-08-12 |
| 1805|SÆRIF                |    10|     1|2013-04-02 |2013-04-14 |
| 1860|ÚTLAGINN             |     8|     1|2012-07-03 |2012-07-19 |
| 1936|ÁSTHILDUR            |    12|     1|2018-06-04 |2018-06-28 |
| 1975|DÓRA                 |    12|     1|2018-06-04 |2018-06-28 |
| 2031|HÓPSNES              |     9|     1|2011-07-12 |2011-07-26 |
| 2123|ÁSGEIR FRÍMANNS      |     3|     1|2009-04-27 |2009-04-30 |
| 2132|EYDÍS                |     3|     1|2012-12-04 |2012-12-12 |
| 2154|ÁRBAKUR              |  1542|     2|2009-01-20 |2013-01-26 |
| 2191|GUÐMUNDA TORFADÓTTIR |     1|     1|2011-12-28 |2011-12-28 |
| 2344|SVANBORG             |     5|     1|2019-04-01 |2019-04-29 |
| 2362|HREFNA               |     6|     2|2013-03-13 |2013-04-02 |
| 2644|ANDERS               |    11|     1|2009-04-04 |2009-04-30 |
| 2730|BEITIR               |   743|     1|2009-03-05 |2013-10-08 |
| 2957|PÁLL JÓNSSON         |   216|     1|2020-01-13 |2020-12-21 |
| 2962|VÖRÐUR               |   574|     1|2019-12-13 |2020-12-13 |
| 2966|STEINUNN             |   869|     1|2020-02-27 |2020-12-19 |
| 3915|NA                   |     5|     1|2018-08-01 |2018-08-23 |
| 4837|NA                   |     1|     1|2012-01-25 |2012-01-25 |
| 5371|JÓHANN               |     7|     1|2014-06-02 |2014-06-12 |
| 5844|ÁSA BJÖRG            |     3|     1|2015-08-06 |2015-08-11 |
| 6155|HAFRÓ                |    84|     1|2012-05-02 |2015-06-18 |
| 6160|SVALAN               |     9|     1|2014-07-01 |2014-07-17 |
| 6304|MÁR                  |    14|     1|2009-08-04 |2009-08-27 |
| 6320|ALDA                 |     6|     1|2009-08-04 |2009-08-12 |
| 6383|GRÉTAR               |     5|     1|2012-06-04 |2012-06-13 |
| 6535|EYFELL               |     1|     1|2013-09-19 |2013-09-19 |
| 6553|FLÓKI                |     1|     1|2017-02-14 |2017-02-14 |
| 6624|HRÖNN                |     6|     1|2014-05-05 |2014-05-14 |
| 6781|JÓHANNES GUNNAR      |    12|     1|2011-06-01 |2011-07-12 |
| 6809|VÍÐIR                |     9|     1|2010-06-01 |2010-07-12 |
| 6932|SÆLI                 |     5|     1|2011-07-13 |2011-07-25 |
| 7142|KIÐEY                |     5|     1|2012-08-01 |2012-08-09 |
| 7193|KJARTAN              |    10|     1|2020-08-06 |2020-08-30 |
| 7306|SVANURINN            |     7|     1|2011-07-08 |2011-07-26 |
| 7365|BÚI                  |     1|     1|2020-05-06 |2020-05-06 |
| 7714|JÓNAS GUNNARSSON     |   222|     1|2012-05-31 |2019-08-20 |
| 8008|NA                   |    39|     1|2018-06-18 |2018-11-25 |
| 9047|HJÖRLEIFUR           |     7|     1|2011-07-04 |2011-07-12 |
| 9908|Grímur Óskr.         |     9|     1|2018-04-05 |2018-05-08 |
| 9911|Sæfari               |    10|     1|2016-05-09 |2016-06-04 |
| 9928|Óskráður             |    15|     1|2016-05-11 |2019-06-24 |
| 9938|Ármann               |     9|     1|2016-05-16 |2016-06-04 |

Vessels with low logbook records


|  vid|    mid|name        | n.lgs| n.stk| n.mid|min.time            |max.time            | n.gid|min.date   |max.date   |
|----:|------:|:-----------|-----:|-----:|-----:|:-------------------|:-------------------|-----:|:----------|:----------|
| 5815| 103427|LUNDEY      |     1|   137|     1|2010-07-16 10:05:31 |2016-06-26 14:32:32 |     1|2016-06-26 |2016-06-26 |
| 1344| 103310|BRIMILL     |     1| 25259|     1|2009-07-07 17:31:18 |2019-09-29 14:30:07 |     1|2010-07-25 |2010-07-25 |
| 2649| 102258|SJÓLI       |     1|  1528|     1|2009-01-27 09:53:10 |2020-08-25 21:48:16 |     1|2010-08-28 |2010-08-28 |
| 6631| 103641|REYNIR      |     1|    42|     1|2009-09-06 10:36:28 |2016-10-11 13:29:24 |     1|2010-12-06 |2010-12-06 |
| 6855| 101208|NONNI       |     1|     2|     1|2013-06-05 21:04:12 |2013-06-05 21:04:52 |     1|2013-06-06 |2013-06-06 |
| 7308| 103706|SÁL         |     1|     2|     1|2012-06-20 05:45:51 |2012-06-20 05:46:31 |     1|2016-05-19 |2016-05-19 |
| 2186| 100453|MAGNÚS      |     2|     2|     1|2010-06-13 20:11:55 |2014-06-13 21:14:20 |     1|2019-07-02 |2019-07-09 |
| 1581| 101519|FAXI        |     2| 12391|     1|2009-01-02 14:07:39 |2012-11-01 18:05:44 |     1|2010-11-30 |2010-12-03 |
| 6222| 101533|GEIRMUNDUR  |     2|  7947|     1|2009-02-13 17:05:15 |2015-11-09 15:47:36 |     1|2009-08-09 |2009-08-10 |
| 6212| 103538|HERMANN     |     2|  1952|     1|2014-05-12 03:02:00 |2020-07-01 08:38:01 |     1|2010-09-11 |2010-09-19 |
| 6389| 106045|SÉRA ÁRNI   |     3| 25159|     1|2009-06-30 16:13:56 |2020-08-17 05:23:01 |     1|2012-08-31 |2014-08-22 |
| 6048| 100988|SVALA       |     4|  1712|     1|2009-05-16 15:37:33 |2013-05-12 21:39:20 |     1|2009-07-23 |2009-07-29 |
| 5903| 101789|EYGLÓ       |     4|  3834|     1|2010-02-12 11:27:48 |2016-10-08 11:24:57 |     1|2010-08-03 |2010-08-10 |
| 6627| 100477|SÆMI        |     4|  3486|     1|2010-04-25 11:13:31 |2017-06-18 11:25:25 |     1|2012-06-04 |2012-06-19 |
| 6019| 103481|GOÐANES     |     5|  1118|     1|2017-04-10 14:54:55 |2020-12-26 11:58:35 |     1|2019-07-09 |2019-08-29 |
| 6129| 100014|STÓRI DÍMON |     5|  1535|     1|2010-07-12 15:46:31 |2019-08-30 16:45:31 |     1|2012-05-04 |2012-05-21 |
| 1350| 102524|BEGGI       |     5|   451|     1|2012-07-30 16:26:34 |2014-09-16 11:19:10 |     1|2014-06-10 |2014-08-11 |
| 5871| 101942|STAKKUR     |     5|  1014|     1|2009-07-14 14:39:14 |2016-08-04 03:03:12 |     1|2009-07-19 |2009-07-29 |
| 6453| 133055|TÓTI        |     5|    13|     2|2019-05-22 06:22:55 |2020-06-15 13:59:48 |     1|2013-05-02 |2013-05-29 |
| 7079| 101278|SIGRÚN      |     5|    10|     1|2016-06-03 10:59:52 |2020-08-28 14:54:11 |     1|2012-06-05 |2012-06-14 |
| 6453| 103613|TÓTI        |     5|  1878|     2|2012-03-21 09:37:36 |2014-05-09 18:56:44 |     1|2013-05-02 |2013-05-29 |
| 6854| 103166|SNÆR        |     5|   189|     1|2009-05-01 08:06:11 |2019-08-24 12:42:32 |     1|2010-02-01 |2010-07-12 |
| 2006| 101333|ÁRDÍS       |     7|   738|     1|2009-06-29 12:02:11 |2009-07-22 08:53:42 |     1|2009-06-30 |2009-07-22 |
| 5877| 103440|GUSTUR      |     7|  1408|     1|2009-07-11 22:45:00 |2020-10-03 18:47:43 |     1|2010-06-01 |2010-07-12 |
| 7708| 110623|MUNINN      |     7|  1295|     1|2013-07-18 17:20:25 |2020-06-25 15:48:55 |     1|2014-06-02 |2014-07-15 |
| 7769| 110782|SEIGUR      |     7|  1138|     1|2013-07-30 18:04:42 |2014-01-22 14:54:24 |     1|2013-08-14 |2013-08-27 |
| 2024| 102230|BIRTA       |     8|   358|     1|2009-01-02 09:29:49 |2020-05-13 15:41:08 |     1|2009-01-03 |2009-01-21 |
| 6478| 100189|UNNUR       |     8|  2804|     1|2010-05-17 09:35:12 |2011-08-09 18:01:20 |     1|2011-07-04 |2011-08-09 |
| 2360| 100819|NORÐURLJÓS  |     9|  4265|     1|2009-01-05 13:02:38 |2017-10-15 14:02:58 |     1|2014-07-28 |2016-06-12 |
| 5996| 103471|RAGGI       |     9|  1458|     1|2012-05-22 11:46:16 |2018-05-24 17:27:09 |     1|2012-06-11 |2012-08-07 |
| 6755| 102025|SKUTLA      |     9|  1059|     1|2009-04-18 08:42:15 |2019-04-06 15:25:35 |     1|2010-05-25 |2012-06-29 |
| 7372| 100845|NANNA       |    10|  8177|     1|2009-03-21 08:57:26 |2017-07-03 02:46:33 |     1|2009-07-08 |2009-08-12 |

─ Session info ───────────────────────────────────────────────────────────────────────────────────────────────────────
 setting  value                       
 version  R version 4.0.4 (2021-02-15)
 os       CentOS Linux 8              
 system   x86_64, linux-gnu           
 ui       RStudio                     
 language (EN)                        
 collate  is_IS.UTF-8                 
 ctype    is_IS.UTF-8                 
 tz       Atlantic/Reykjavik          
 date     2021-04-18                  

─ Packages ───────────────────────────────────────────────────────────────────────────────────────────────────────────
 package     * version    date       lib source                              
 assertthat    0.2.1      2019-03-21 [1] CRAN (R 4.0.2)                      
 backports     1.2.1      2020-12-09 [1] CRAN (R 4.0.3)                      
 blob          1.2.1      2020-01-20 [1] CRAN (R 4.0.2)                      
 broom         0.7.6      2021-04-05 [1] CRAN (R 4.0.4)                      
 cachem        1.0.4      2021-02-13 [1] CRAN (R 4.0.4)                      
 callr         3.6.0      2021-03-28 [1] CRAN (R 4.0.4)                      
 cellranger    1.1.0      2016-07-27 [1] CRAN (R 4.0.2)                      
 cli           2.4.0      2021-04-05 [1] CRAN (R 4.0.4)                      
 colorspace    2.0-0      2020-11-11 [1] CRAN (R 4.0.3)                      
 crayon        1.4.1      2021-02-08 [1] CRAN (R 4.0.4)                      
 data.table  * 1.14.0     2021-02-21 [1] CRAN (R 4.0.4)                      
 DBI         * 1.1.1      2021-01-15 [1] CRAN (R 4.0.4)                      
 dbplyr        1.4.4      2020-05-27 [1] CRAN (R 4.0.4)                      
 desc          1.3.0      2021-03-05 [1] CRAN (R 4.0.4)                      
 devtools      2.4.0      2021-04-07 [1] CRAN (R 4.0.4)                      
 dplyr       * 1.0.5      2021-03-05 [1] CRAN (R 4.0.4)                      
 ellipsis      0.3.1      2020-05-15 [1] CRAN (R 4.0.2)                      
 evaluate      0.14       2019-05-28 [1] CRAN (R 4.0.2)                      
 fansi         0.4.2      2021-01-15 [1] CRAN (R 4.0.3)                      
 fastmap       1.1.0      2021-01-25 [1] CRAN (R 4.0.3)                      
 forcats     * 0.5.1      2021-01-27 [1] CRAN (R 4.0.3)                      
 fs            1.5.0      2020-07-31 [1] CRAN (R 4.0.2)                      
 generics      0.1.0      2020-10-31 [1] CRAN (R 4.0.3)                      
 ggplot2     * 3.3.3      2020-12-30 [1] CRAN (R 4.0.3)                      
 glue          1.4.2      2020-08-27 [1] CRAN (R 4.0.2)                      
 gtable        0.3.0      2019-03-25 [1] CRAN (R 4.0.2)                      
 haven         2.4.0      2021-04-14 [1] CRAN (R 4.0.4)                      
 highr         0.9        2021-04-16 [1] CRAN (R 4.0.4)                      
 hms           1.0.0      2021-01-13 [1] CRAN (R 4.0.3)                      
 httr          1.4.2      2020-07-20 [1] CRAN (R 4.0.2)                      
 jsonlite      1.7.2      2020-12-09 [1] CRAN (R 4.0.3)                      
 knitr         1.32       2021-04-14 [1] CRAN (R 4.0.4)                      
 lifecycle     1.0.0      2021-02-15 [1] CRAN (R 4.0.4)                      
 lubridate   * 1.7.10     2021-02-26 [1] CRAN (R 4.0.4)                      
 magrittr      2.0.1      2020-11-17 [1] CRAN (R 4.0.3)                      
 mar         * 0.0.3.9001 2021-03-17 [1] Github (fishvice/mar@78349bf)       
 memoise       2.0.0      2021-01-26 [1] CRAN (R 4.0.3)                      
 modelr        0.1.8      2020-05-19 [1] CRAN (R 4.0.2)                      
 munsell       0.5.0      2018-06-12 [1] CRAN (R 4.0.2)                      
 pillar        1.6.0      2021-04-13 [1] CRAN (R 4.0.4)                      
 pkgbuild      1.2.0      2020-12-15 [1] CRAN (R 4.0.3)                      
 pkgconfig     2.0.3      2019-09-22 [1] CRAN (R 4.0.2)                      
 pkgload       1.2.1      2021-04-06 [1] CRAN (R 4.0.4)                      
 prettyunits   1.1.1      2020-01-24 [1] CRAN (R 4.0.2)                      
 processx      3.5.1      2021-04-04 [1] CRAN (R 4.0.4)                      
 ps            1.6.0      2021-02-28 [1] CRAN (R 4.0.4)                      
 purrr       * 0.3.4      2020-04-17 [1] CRAN (R 4.0.2)                      
 R6            2.5.0      2020-10-28 [1] CRAN (R 4.0.3)                      
 Rcpp          1.0.6      2021-01-15 [1] CRAN (R 4.0.3)                      
 readr       * 1.4.0      2020-10-05 [1] CRAN (R 4.0.2)                      
 readxl        1.3.1      2019-03-13 [1] CRAN (R 4.0.2)                      
 remotes       2.3.0      2021-04-01 [1] CRAN (R 4.0.4)                      
 reprex        2.0.0      2021-04-02 [1] CRAN (R 4.0.4)                      
 rlang         0.4.10     2020-12-30 [1] CRAN (R 4.0.3)                      
 ROracle     * 1.3-1      2016-10-26 [2] CRAN (R 4.0.1)                      
 rprojroot     2.0.2      2020-11-15 [1] CRAN (R 4.0.3)                      
 rstudioapi    0.13       2020-11-12 [1] CRAN (R 4.0.3)                      
 rvest         1.0.0      2021-03-09 [1] CRAN (R 4.0.4)                      
 scales        1.1.1      2020-05-11 [1] CRAN (R 4.0.2)                      
 sessioninfo   1.1.1      2018-11-05 [1] CRAN (R 4.0.2)                      
 stringi       1.5.3      2020-09-09 [1] CRAN (R 4.0.2)                      
 stringr     * 1.4.0      2019-02-10 [1] CRAN (R 4.0.2)                      
 testthat      3.0.2      2021-02-14 [1] CRAN (R 4.0.4)                      
 tibble      * 3.1.0      2021-02-25 [1] CRAN (R 4.0.4)                      
 tidyr       * 1.1.3      2021-03-03 [1] CRAN (R 4.0.4)                      
 tidyselect    1.1.0      2020-05-11 [1] CRAN (R 4.0.2)                      
 tidyverse   * 1.3.0      2021-04-18 [1] Github (tidyverse/tidyverse@5316484)
 usethis       2.0.1      2021-02-10 [1] CRAN (R 4.0.4)                      
 utf8          1.2.1      2021-03-12 [1] CRAN (R 4.0.4)                      
 vctrs         0.3.7      2021-03-29 [1] CRAN (R 4.0.4)                      
 withr         2.4.1      2021-01-26 [1] CRAN (R 4.0.3)                      
 xfun          0.22       2021-03-11 [1] CRAN (R 4.0.4)                      
 xml2          1.3.2      2020-04-23 [1] CRAN (R 4.0.2)                      

[1] /home/haf/einarhj/r/x86_64/library
[2] /nfs/hafkaldi/opt/hafkaldi/local/linux/lib/R/site/4.0/x86_64/library
[3] /usr/lib64/R/library
[4] /usr/share/R/library
